10:35:32.729 [main] DEBUG Tests.Loginpage - login button got clicked
10:35:42.977 [main] DEBUG Tests.Loginpage - The browser has got closed
10:35:46.294 [main] DEBUG Tests.Loginpage - The browser has got launched
10:35:46.369 [main] DEBUG Tests.Loginpage - my account dropdown has clicked
10:35:46.728 [main] DEBUG Tests.Loginpage - login option has clicked
10:35:47.419 [main] DEBUG Tests.Loginpage - login button got clicked
10:35:57.584 [main] DEBUG Tests.Loginpage - The browser has got closed
12:26:36.654 [main] DEBUG Tests.Loginpage - The browser has got launched
12:26:36.819 [main] DEBUG Tests.Loginpage - my account dropdown has clicked
12:26:37.794 [main] DEBUG Tests.Loginpage - login option has clicked
12:26:38.910 [main] DEBUG Tests.Loginpage - login button got clicked
12:26:41.632 [main] DEBUG Tests.Loginpage - The browser has got launched
12:26:41.794 [main] DEBUG Tests.Loginpage - my account dropdown has clicked
12:26:42.251 [main] DEBUG Tests.Loginpage - login option has clicked
12:26:42.947 [main] DEBUG Tests.Loginpage - login button got clicked
12:26:49.088 [main] DEBUG Tests.Loginpage - The browser has got closed
12:26:53.152 [main] DEBUG Tests.Loginpage - The browser has got closed
12:26:55.581 [main] DEBUG Tests.Loginpage - The browser has got launched
12:26:55.689 [main] DEBUG Tests.Loginpage - my account dropdown has clicked
12:26:56.676 [main] DEBUG Tests.Loginpage - login option has clicked
12:26:57.483 [main] DEBUG Tests.Loginpage - login button got clicked
12:27:03.485 [main] DEBUG Tests.Loginpage - The browser has got launched
12:27:03.570 [main] DEBUG Tests.Loginpage - my account dropdown has clicked
12:27:04.083 [main] DEBUG Tests.Loginpage - login option has clicked
12:27:04.801 [main] DEBUG Tests.Loginpage - login button got clicked
12:27:07.597 [main] DEBUG Tests.Loginpage - The browser has got closed
12:27:14.975 [main] DEBUG Tests.Loginpage - The browser has got closed
12:27:16.780 [main] DEBUG Tests.Loginpage - The browser has got launched
12:27:16.899 [main] DEBUG Tests.Loginpage - my account dropdown has clicked
12:27:17.424 [main] DEBUG Tests.Loginpage - login option has clicked
12:27:18.224 [main] DEBUG Tests.Loginpage - login button got clicked
12:27:26.836 [main] DEBUG Tests.Loginpage - The browser has got launched
12:27:26.946 [main] DEBUG Tests.Loginpage - my account dropdown has clicked
12:27:27.440 [main] DEBUG Tests.Loginpage - login option has clicked
12:27:28.343 [main] DEBUG Tests.Loginpage - The browser has got closed
12:27:28.483 [main] DEBUG Tests.Loginpage - login button got clicked
12:27:36.259 [main] DEBUG Tests.Loginpage - The browser has got launched
12:27:36.352 [main] DEBUG Tests.Loginpage - my account dropdown has clicked
12:27:36.930 [main] DEBUG Tests.Loginpage - login option has clicked
12:27:38.469 [main] DEBUG Tests.Loginpage - login button got clicked
12:27:38.727 [main] DEBUG Tests.Loginpage - The browser has got closed
12:27:38.785 [main] DEBUG Tests.Loginpage - The browser has got closed
12:27:46.098 [main] DEBUG Tests.Loginpage - The browser has got launched
12:27:46.199 [main] DEBUG Tests.Loginpage - my account dropdown has clicked
12:27:46.600 [main] DEBUG Tests.Loginpage - login option has clicked
12:27:47.483 [main] DEBUG Tests.Loginpage - login button got clicked
12:27:47.729 [main] DEBUG Tests.Loginpage - The browser has got closed
15:08:16.685 [main] DEBUG Tests.Loginpage - The browser has got launched
15:08:16.832 [main] DEBUG Tests.Loginpage - my account dropdown has clicked
15:08:17.185 [main] DEBUG Tests.Loginpage - login option has clicked
15:08:17.922 [main] DEBUG Tests.Loginpage - login button got clicked
15:08:28.138 [main] DEBUG Tests.Loginpage - The browser has got closed
15:08:31.725 [main] DEBUG Tests.Loginpage - The browser has got launched
15:08:31.818 [main] DEBUG Tests.Loginpage - my account dropdown has clicked
15:08:32.202 [main] DEBUG Tests.Loginpage - login option has clicked
15:08:32.848 [main] DEBUG Tests.Loginpage - login button got clicked
15:08:43.021 [main] DEBUG Tests.Loginpage - The browser has got closed
15:08:46.468 [main] DEBUG Tests.Loginpage - The browser has got launched
15:08:46.545 [main] DEBUG Tests.Loginpage - my account dropdown has clicked
15:08:46.898 [main] DEBUG Tests.Loginpage - login option has clicked
15:08:47.438 [main] DEBUG Tests.Loginpage - login button got clicked
15:08:57.629 [main] DEBUG Tests.Loginpage - The browser has got closed
15:09:00.652 [main] DEBUG Tests.Loginpage - The browser has got launched
15:09:00.735 [main] DEBUG Tests.Loginpage - my account dropdown has clicked
15:09:01.054 [main] DEBUG Tests.Loginpage - login option has clicked
15:09:01.798 [main] DEBUG Tests.Loginpage - login button got clicked
15:09:02.015 [main] DEBUG Tests.Loginpage - The browser has got closed
